app/build/intermediates/manifest_merge_blame_file/debug/manifest-merger-blame-debug-report.txt
1<?xml version="1.0" encoding="utf-8"?>
2<manifest xmlns:aapt="http://schemas.android.com/aapt"
3    xmlns:android="http://schemas.android.com/apk/res/android"
4    xmlns:app="http://schemas.android.com/apk/res-auto"
5    package="com.example.saargamzo_ex2_reverse_engineering_apk"
6    android:compileSdkVersion="30"
7    android:compileSdkVersionCodename="11"
8    android:versionCode="1"
9    android:versionName="1.0" >
10
11    <uses-sdk
11-->src\main\AndroidManifest.xml:4:5-73
12        android:minSdkVersion="24"
12-->src\main\AndroidManifest.xml:4:15-41
13        android:targetSdkVersion="34" />
13-->src\main\AndroidManifest.xml:4:42-71
14
15    <uses-permission android:name="android.permission.INTERNET" />
15-->src\main\AndroidManifest.xml:5:5-66
15-->src\main\AndroidManifest.xml:5:22-64
16
17    <permission
17-->[androidx.core:core:1.13.0] AndroidManifest.xml:22:5-24:47
18        android:name="com.example.saargamzo_ex2_reverse_engineering_apk.DYNAMIC_RECEIVER_NOT_EXPORTED_PERMISSION"
18-->[androidx.core:core:1.13.0] AndroidManifest.xml:23:9-81
19        android:protectionLevel="signature" />
19-->[androidx.core:core:1.13.0] AndroidManifest.xml:24:9-44
20
21    <uses-permission android:name="com.example.saargamzo_ex2_reverse_engineering_apk.DYNAMIC_RECEIVER_NOT_EXPORTED_PERMISSION" />
21-->[androidx.core:core:1.13.0] AndroidManifest.xml:26:5-97
21-->[androidx.core:core:1.13.0] AndroidManifest.xml:26:22-94
22
23    <application
23-->src\main\AndroidManifest.xml:8:5-33:19
24        android:allowBackup="true"
24-->src\main\AndroidManifest.xml:9:9-35
25        android:appComponentFactory="androidx.core.app.CoreComponentFactory"
25-->[androidx.core:core:1.13.0] AndroidManifest.xml:28:18-86
26        android:dataExtractionRules="@xml/data_extraction_rules"
26-->src\main\AndroidManifest.xml:10:9-65
27        android:debuggable="true"
28        android:extractNativeLibs="false"
29        android:fullBackupContent="@xml/backup_rules"
29-->src\main\AndroidManifest.xml:11:9-54
30        android:icon="@mipmap/ic_launcher"
30-->src\main\AndroidManifest.xml:12:9-43
31        android:label="@string/app_name"
31-->src\main\AndroidManifest.xml:13:9-41
32        android:roundIcon="@mipmap/ic_launcher_round"
32-->src\main\AndroidManifest.xml:14:9-54
33        android:supportsRtl="true"
33-->src\main\AndroidManifest.xml:15:9-35
34        android:testOnly="true"
35        android:theme="@style/Theme.SaarGamzo_EX2_Reverse_Engineering_APK" >
35-->src\main\AndroidManifest.xml:16:9-75
36        <activity
36-->src\main\AndroidManifest.xml:18:9-22:20
37            android:name="com.example.saargamzo_ex2_reverse_engineering_apk.Activity_Game"
37-->src\main\AndroidManifest.xml:19:13-42
38            android:exported="true"
38-->src\main\AndroidManifest.xml:21:13-36
39            android:screenOrientation="portrait" >
39-->src\main\AndroidManifest.xml:20:13-49
40        </activity>
41        <activity
41-->src\main\AndroidManifest.xml:23:9-32:20
42            android:name="com.example.saargamzo_ex2_reverse_engineering_apk.Activity_Menu"
42-->src\main\AndroidManifest.xml:24:13-42
43            android:exported="true"
43-->src\main\AndroidManifest.xml:26:13-36
44            android:screenOrientation="portrait" >
44-->src\main\AndroidManifest.xml:25:13-49
45            <intent-filter>
45-->src\main\AndroidManifest.xml:27:13-31:29
46                <action android:name="android.intent.action.MAIN" />
46-->src\main\AndroidManifest.xml:28:17-69
46-->src\main\AndroidManifest.xml:28:25-66
47
48                <category android:name="android.intent.category.LAUNCHER" />
48-->src\main\AndroidManifest.xml:30:17-77
48-->src\main\AndroidManifest.xml:30:27-74
49            </intent-filter>
50        </activity>
51
52        <provider
52-->[androidx.emoji2:emoji2:1.2.0] AndroidManifest.xml:24:9-32:20
53            android:name="androidx.startup.InitializationProvider"
53-->[androidx.emoji2:emoji2:1.2.0] AndroidManifest.xml:25:13-67
54            android:authorities="com.example.saargamzo_ex2_reverse_engineering_apk.androidx-startup"
54-->[androidx.emoji2:emoji2:1.2.0] AndroidManifest.xml:26:13-68
55            android:exported="false" >
55-->[androidx.emoji2:emoji2:1.2.0] AndroidManifest.xml:27:13-37
56            <meta-data
56-->[androidx.emoji2:emoji2:1.2.0] AndroidManifest.xml:29:13-31:52
57                android:name="androidx.emoji2.text.EmojiCompatInitializer"
57-->[androidx.emoji2:emoji2:1.2.0] AndroidManifest.xml:30:17-75
58                android:value="androidx.startup" />
58-->[androidx.emoji2:emoji2:1.2.0] AndroidManifest.xml:31:17-49
59            <meta-data
59-->[androidx.lifecycle:lifecycle-process:2.6.2] AndroidManifest.xml:29:13-31:52
60                android:name="androidx.lifecycle.ProcessLifecycleInitializer"
60-->[androidx.lifecycle:lifecycle-process:2.6.2] AndroidManifest.xml:30:17-78
61                android:value="androidx.startup" />
61-->[androidx.lifecycle:lifecycle-process:2.6.2] AndroidManifest.xml:31:17-49
62            <meta-data
62-->[androidx.profileinstaller:profileinstaller:1.3.0] AndroidManifest.xml:29:13-31:52
63                android:name="androidx.profileinstaller.ProfileInstallerInitializer"
63-->[androidx.profileinstaller:profileinstaller:1.3.0] AndroidManifest.xml:30:17-85
64                android:value="androidx.startup" />
64-->[androidx.profileinstaller:profileinstaller:1.3.0] AndroidManifest.xml:31:17-49
65        </provider>
66
67        <receiver
67-->[androidx.profileinstaller:profileinstaller:1.3.0] AndroidManifest.xml:34:9-52:20
68            android:name="androidx.profileinstaller.ProfileInstallReceiver"
68-->[androidx.profileinstaller:profileinstaller:1.3.0] AndroidManifest.xml:35:13-76
69            android:directBootAware="false"
69-->[androidx.profileinstaller:profileinstaller:1.3.0] AndroidManifest.xml:36:13-44
70            android:enabled="true"
70-->[androidx.profileinstaller:profileinstaller:1.3.0] AndroidManifest.xml:37:13-35
71            android:exported="true"
71-->[androidx.profileinstaller:profileinstaller:1.3.0] AndroidManifest.xml:38:13-36
72            android:permission="android.permission.DUMP" >
72-->[androidx.profileinstaller:profileinstaller:1.3.0] AndroidManifest.xml:39:13-57
73            <intent-filter>
73-->[androidx.profileinstaller:profileinstaller:1.3.0] AndroidManifest.xml:40:13-42:29
74                <action android:name="androidx.profileinstaller.action.INSTALL_PROFILE" />
74-->[androidx.profileinstaller:profileinstaller:1.3.0] AndroidManifest.xml:41:17-91
74-->[androidx.profileinstaller:profileinstaller:1.3.0] AndroidManifest.xml:41:25-88
75            </intent-filter>
76            <intent-filter>
76-->[androidx.profileinstaller:profileinstaller:1.3.0] AndroidManifest.xml:43:13-45:29
77                <action android:name="androidx.profileinstaller.action.SKIP_FILE" />
77-->[androidx.profileinstaller:profileinstaller:1.3.0] AndroidManifest.xml:44:17-85
77-->[androidx.profileinstaller:profileinstaller:1.3.0] AndroidManifest.xml:44:25-82
78            </intent-filter>
79            <intent-filter>
79-->[androidx.profileinstaller:profileinstaller:1.3.0] AndroidManifest.xml:46:13-48:29
80                <action android:name="androidx.profileinstaller.action.SAVE_PROFILE" />
80-->[androidx.profileinstaller:profileinstaller:1.3.0] AndroidManifest.xml:47:17-88
80-->[androidx.profileinstaller:profileinstaller:1.3.0] AndroidManifest.xml:47:25-85
81            </intent-filter>
82            <intent-filter>
82-->[androidx.profileinstaller:profileinstaller:1.3.0] AndroidManifest.xml:49:13-51:29
83                <action android:name="androidx.profileinstaller.action.BENCHMARK_OPERATION" />
83-->[androidx.profileinstaller:profileinstaller:1.3.0] AndroidManifest.xml:50:17-95
83-->[androidx.profileinstaller:profileinstaller:1.3.0] AndroidManifest.xml:50:25-92
84            </intent-filter>
85        </receiver>
86    </application>
87
88</manifest>